[     359ms] [WARNING] <link rel=preload> uses an unsupported `as` value @ https://variant.com/:0
[     359ms] [WARNING] <link rel=preload> uses an unsupported `as` value @ https://variant.com/:0
[     359ms] [WARNING] <link rel=preload> uses an unsupported `as` value @ https://variant.com/:0
[    1257ms] [WARNING] An iframe which has both allow-scripts and allow-same-origin for its sandbox attribute can escape its sandboxing. @ https://variant.com/homepage-widgets/crt/crt.html:0
[    1282ms] [WARNING] An iframe which has both allow-scripts and allow-same-origin for its sandbox attribute can escape its sandboxing. @ https://variant.com/homepage-widgets/poetic-weather/index.html:0
[    4630ms] [WARNING] The ScriptProcessorNode is deprecated. Use AudioWorkletNode instead. (https://bit.ly/audio-worklet) @ https://variant.com/homepage-widgets/crt/doom/dwasm/index.js:672
[    4707ms] [WARNING] An iframe which has both allow-scripts and allow-same-origin for its sandbox attribute can escape its sandboxing. @ https://variant.com/homepage-widgets/bike-battery/bike-battery.html:0
[    7939ms] [WARNING] The resource https://variant.com/svgSequences/make-button.svg was preloaded using link preload but not used within a few seconds from the window's load event. Please make sure it has an appropriate `as` value and it is preloaded intentionally. @ https://variant.com/:0
[    7940ms] [WARNING] The resource https://variant.com/svgSequences/design-loader.svg was preloaded using link preload but not used within a few seconds from the window's load event. Please make sure it has an appropriate `as` value and it is preloaded intentionally. @ https://variant.com/:0
[    7940ms] [WARNING] The resource https://variant.com/svgSequences/make.svg was preloaded using link preload but not used within a few seconds from the window's load event. Please make sure it has an appropriate `as` value and it is preloaded intentionally. @ https://variant.com/:0
[    7940ms] [WARNING] The resource https://variant.com/svgSequences/edit-loader.svg was preloaded using link preload but not used within a few seconds from the window's load event. Please make sure it has an appropriate `as` value and it is preloaded intentionally. @ https://variant.com/:0
[    7940ms] [WARNING] The resource https://variant.com/svgSequences/inspiration.svg was preloaded using link preload but not used within a few seconds from the window's load event. Please make sure it has an appropriate `as` value and it is preloaded intentionally. @ https://variant.com/:0
[    7940ms] [WARNING] The resource https://variant.com/svgSequences/inspecting.svg was preloaded using link preload but not used within a few seconds from the window's load event. Please make sure it has an appropriate `as` value and it is preloaded intentionally. @ https://variant.com/:0
[    8225ms] [WARNING] An iframe which has both allow-scripts and allow-same-origin for its sandbox attribute can escape its sandboxing. @ https://variant.com/homepage-widgets/radio-widget/index.html:0
[   15187ms] [WARNING] An iframe which has both allow-scripts and allow-same-origin for its sandbox attribute can escape its sandboxing. @ https://variant.com/homepage-widgets/scribble-pad/index.html:0
[   19491ms] [WARNING] The resource https://variant.com/svgSequences/make-button.svg was preloaded using link preload but not used within a few seconds from the window's load event. Please make sure it has an appropriate `as` value and it is preloaded intentionally. @ https://variant.com/:0
[   19491ms] [WARNING] The resource https://variant.com/svgSequences/design-loader.svg was preloaded using link preload but not used within a few seconds from the window's load event. Please make sure it has an appropriate `as` value and it is preloaded intentionally. @ https://variant.com/:0
[   19491ms] [WARNING] The resource https://variant.com/svgSequences/make.svg was preloaded using link preload but not used within a few seconds from the window's load event. Please make sure it has an appropriate `as` value and it is preloaded intentionally. @ https://variant.com/:0
[   19491ms] [WARNING] The resource https://variant.com/svgSequences/edit-loader.svg was preloaded using link preload but not used within a few seconds from the window's load event. Please make sure it has an appropriate `as` value and it is preloaded intentionally. @ https://variant.com/:0
[   19491ms] [WARNING] The resource https://variant.com/svgSequences/inspiration.svg was preloaded using link preload but not used within a few seconds from the window's load event. Please make sure it has an appropriate `as` value and it is preloaded intentionally. @ https://variant.com/:0
[   19491ms] [WARNING] The resource https://variant.com/svgSequences/inspecting.svg was preloaded using link preload but not used within a few seconds from the window's load event. Please make sure it has an appropriate `as` value and it is preloaded intentionally. @ https://variant.com/:0
[   19899ms] [WARNING] An iframe which has both allow-scripts and allow-same-origin for its sandbox attribute can escape its sandboxing. @ https://variant.com/homepage-widgets/stickers/stickers.html:0
[   24613ms] [WARNING] An iframe which has both allow-scripts and allow-same-origin for its sandbox attribute can escape its sandboxing. @ https://variant.com/homepage-widgets/robot-widget/index.html:0
[   28090ms] [WARNING] The resource https://variant.com/svgSequences/make-button.svg was preloaded using link preload but not used within a few seconds from the window's load event. Please make sure it has an appropriate `as` value and it is preloaded intentionally. @ https://variant.com/:0
[   28090ms] [WARNING] The resource https://variant.com/svgSequences/design-loader.svg was preloaded using link preload but not used within a few seconds from the window's load event. Please make sure it has an appropriate `as` value and it is preloaded intentionally. @ https://variant.com/:0
[   28090ms] [WARNING] The resource https://variant.com/svgSequences/make.svg was preloaded using link preload but not used within a few seconds from the window's load event. Please make sure it has an appropriate `as` value and it is preloaded intentionally. @ https://variant.com/:0
[   28090ms] [WARNING] The resource https://variant.com/svgSequences/edit-loader.svg was preloaded using link preload but not used within a few seconds from the window's load event. Please make sure it has an appropriate `as` value and it is preloaded intentionally. @ https://variant.com/:0
[   28090ms] [WARNING] The resource https://variant.com/svgSequences/inspiration.svg was preloaded using link preload but not used within a few seconds from the window's load event. Please make sure it has an appropriate `as` value and it is preloaded intentionally. @ https://variant.com/:0
[   28090ms] [WARNING] The resource https://variant.com/svgSequences/inspecting.svg was preloaded using link preload but not used within a few seconds from the window's load event. Please make sure it has an appropriate `as` value and it is preloaded intentionally. @ https://variant.com/:0
[   28296ms] [WARNING] An iframe which has both allow-scripts and allow-same-origin for its sandbox attribute can escape its sandboxing. @ https://variant.com/homepage-widgets/card/card.html:0
[   35133ms] [WARNING] An iframe which has both allow-scripts and allow-same-origin for its sandbox attribute can escape its sandboxing. @ https://variant.com/homepage-widgets/voice-recorder-variant/voice-recorder.html:0
[   38257ms] [WARNING] An iframe which has both allow-scripts and allow-same-origin for its sandbox attribute can escape its sandboxing. @ https://variant.com/homepage-widgets/infinite-gallery/infinite-gallery.html:0
[   45853ms] [WARNING] An iframe which has both allow-scripts and allow-same-origin for its sandbox attribute can escape its sandboxing. @ https://variant.com/homepage-widgets/tabs-widget/tabs-widget.html:0
[   47927ms] [WARNING] An iframe which has both allow-scripts and allow-same-origin for its sandbox attribute can escape its sandboxing. @ https://variant.com/homepage-widgets/text-editor-widget/text-editor-widget.html:0
[   52927ms] [WARNING] The resource https://variant.com/svgSequences/make-button.svg was preloaded using link preload but not used within a few seconds from the window's load event. Please make sure it has an appropriate `as` value and it is preloaded intentionally. @ https://variant.com/:0
[   52927ms] [WARNING] The resource https://variant.com/svgSequences/design-loader.svg was preloaded using link preload but not used within a few seconds from the window's load event. Please make sure it has an appropriate `as` value and it is preloaded intentionally. @ https://variant.com/:0
[   52927ms] [WARNING] The resource https://variant.com/svgSequences/make.svg was preloaded using link preload but not used within a few seconds from the window's load event. Please make sure it has an appropriate `as` value and it is preloaded intentionally. @ https://variant.com/:0
[   52927ms] [WARNING] The resource https://variant.com/svgSequences/edit-loader.svg was preloaded using link preload but not used within a few seconds from the window's load event. Please make sure it has an appropriate `as` value and it is preloaded intentionally. @ https://variant.com/:0
[   52927ms] [WARNING] The resource https://variant.com/svgSequences/inspiration.svg was preloaded using link preload but not used within a few seconds from the window's load event. Please make sure it has an appropriate `as` value and it is preloaded intentionally. @ https://variant.com/:0
[   52927ms] [WARNING] The resource https://variant.com/svgSequences/inspecting.svg was preloaded using link preload but not used within a few seconds from the window's load event. Please make sure it has an appropriate `as` value and it is preloaded intentionally. @ https://variant.com/:0
[   53104ms] [WARNING] An iframe which has both allow-scripts and allow-same-origin for its sandbox attribute can escape its sandboxing. @ https://variant.com/homepage-widgets/movie-rating-app/movie-rating-app.html:0
