[     322ms] [WARNING] <link rel=preload> uses an unsupported `as` value @ https://variant.com/:0
[     322ms] [WARNING] <link rel=preload> uses an unsupported `as` value @ https://variant.com/:0
[     322ms] [WARNING] <link rel=preload> uses an unsupported `as` value @ https://variant.com/:0
[     741ms] [WARNING] An iframe which has both allow-scripts and allow-same-origin for its sandbox attribute can escape its sandboxing. @ https://variant.com/homepage-widgets/poetic-weather/index.html:0
[     906ms] [WARNING] An iframe which has both allow-scripts and allow-same-origin for its sandbox attribute can escape its sandboxing. @ https://variant.com/homepage-widgets/crt/crt.html:0
[    2845ms] [WARNING] The ScriptProcessorNode is deprecated. Use AudioWorkletNode instead. (https://bit.ly/audio-worklet) @ https://variant.com/homepage-widgets/crt/doom/dwasm/index.js:672
[    3494ms] [WARNING] An iframe which has both allow-scripts and allow-same-origin for its sandbox attribute can escape its sandboxing. @ https://variant.com/homepage-widgets/bike-battery/bike-battery.html:0
[    6608ms] [WARNING] An iframe which has both allow-scripts and allow-same-origin for its sandbox attribute can escape its sandboxing. @ https://variant.com/homepage-widgets/radio-widget/index.html:0
[    6925ms] [WARNING] The resource https://variant.com/svgSequences/make-button.svg was preloaded using link preload but not used within a few seconds from the window's load event. Please make sure it has an appropriate `as` value and it is preloaded intentionally. @ https://variant.com/:0
[    6925ms] [WARNING] The resource https://variant.com/svgSequences/design-loader.svg was preloaded using link preload but not used within a few seconds from the window's load event. Please make sure it has an appropriate `as` value and it is preloaded intentionally. @ https://variant.com/:0
[    6925ms] [WARNING] The resource https://variant.com/svgSequences/make.svg was preloaded using link preload but not used within a few seconds from the window's load event. Please make sure it has an appropriate `as` value and it is preloaded intentionally. @ https://variant.com/:0
[    6925ms] [WARNING] The resource https://variant.com/svgSequences/edit-loader.svg was preloaded using link preload but not used within a few seconds from the window's load event. Please make sure it has an appropriate `as` value and it is preloaded intentionally. @ https://variant.com/:0
[    6925ms] [WARNING] The resource https://variant.com/svgSequences/inspiration.svg was preloaded using link preload but not used within a few seconds from the window's load event. Please make sure it has an appropriate `as` value and it is preloaded intentionally. @ https://variant.com/:0
[    6925ms] [WARNING] The resource https://variant.com/svgSequences/inspecting.svg was preloaded using link preload but not used within a few seconds from the window's load event. Please make sure it has an appropriate `as` value and it is preloaded intentionally. @ https://variant.com/:0
[   15148ms] [WARNING] The resource https://variant.com/svgSequences/make-button.svg was preloaded using link preload but not used within a few seconds from the window's load event. Please make sure it has an appropriate `as` value and it is preloaded intentionally. @ https://variant.com/authentication?prompt=Create+something+that+will+surprise+me:0
[   15148ms] [WARNING] The resource https://variant.com/svgSequences/design-loader.svg was preloaded using link preload but not used within a few seconds from the window's load event. Please make sure it has an appropriate `as` value and it is preloaded intentionally. @ https://variant.com/authentication?prompt=Create+something+that+will+surprise+me:0
[   15148ms] [WARNING] The resource https://variant.com/svgSequences/make.svg was preloaded using link preload but not used within a few seconds from the window's load event. Please make sure it has an appropriate `as` value and it is preloaded intentionally. @ https://variant.com/authentication?prompt=Create+something+that+will+surprise+me:0
[   15148ms] [WARNING] The resource https://variant.com/svgSequences/edit-loader.svg was preloaded using link preload but not used within a few seconds from the window's load event. Please make sure it has an appropriate `as` value and it is preloaded intentionally. @ https://variant.com/authentication?prompt=Create+something+that+will+surprise+me:0
[   15148ms] [WARNING] The resource https://variant.com/svgSequences/inspiration.svg was preloaded using link preload but not used within a few seconds from the window's load event. Please make sure it has an appropriate `as` value and it is preloaded intentionally. @ https://variant.com/authentication?prompt=Create+something+that+will+surprise+me:0
[   15148ms] [WARNING] The resource https://variant.com/svgSequences/inspecting.svg was preloaded using link preload but not used within a few seconds from the window's load event. Please make sure it has an appropriate `as` value and it is preloaded intentionally. @ https://variant.com/authentication?prompt=Create+something+that+will+surprise+me:0
