[    2022ms] [ERROR] A tree hydrated but some attributes of the server rendered HTML didn't match the client properties. This won't be patched up. This can happen if a SSR-ed Client Component used:

- A server/client branch `if (typeof window !== 'undefined')`.
- Variable input such as `Date.now()` or `Math.random()` which changes each time it's called.
- Date formatting in a user's locale which doesn't match the server.
- External changing data without sending a snapshot of it along with the HTML.
- Invalid HTML tag nesting.

It can also happen if the client has a browser extension installed which messes with the HTML before React loaded.

%s%s https://react.dev/link/hydration-mismatch 

  ...
    <RedirectErrorBoundary router={{...}}>
      <InnerLayoutRouter url="/" tree={[...]} params={{}} cacheNode={{rsc:<Fragment>, ...}} segmentPath={[...]} ...>
        <SegmentViewNode type="page" pagePath="page.tsx">
          <SegmentTrieNode>
          <ClientPageRoot Component={function Home} serverProvidedParams={{...}}>
            <Home params={Promise} searchParams={Promise}>
              <div className="min-h-scre...">
                <div>
                <Navbar>
                <main className="relative p...">
                  <FloatingStickers variant="hero">
                    <div className={"absolute..."}>
                      <div>
                      <div>
                      <div className="absolute b...">
                        <LimitedSupplySticker size="sm" seed={33}>
                          <motion.div initial={{opacity:0, ...}} animate={{opacity:1,scale:1, ...}} ...>
                            <div
                              className={"\n        \n  inline-flex items-center justify-center\n  font-black upperca..."}
                              style={{
+                               opacity: 0
-                               opacity: "0"
+                               transform: "scale(0.8) rotate(2.9350846580491634deg)"
-                               transform: "scale(0.8) rotate(2.93508deg)"
                              }}
                              ref={function useMotionRef.useCallback}
                            >
                  ...
        ...
      ...
 @ http://localhost:3000/_next/static/chunks/node_modules_next_dist_f3530cac._.js:3127
